  [1m[35m (29.2ms)[0m  [1m[35mCREATE DATABASE "vanhackathon-nestready_development" ENCODING = 'unicode'[0m
  ↳ /Users/lguedes/.rbenv/versions/2.5.3/bin/rake:23
  [1m[35m (589.5ms)[0m  [1m[35mCREATE DATABASE "vanhackathon-nestready_development" ENCODING = 'unicode'[0m
  ↳ /Users/lguedes/.rbenv/versions/2.5.3/bin/rake:23
  [1m[35m (41.1ms)[0m  [1m[35mCREATE DATABASE "vanhackathon-nestready_test" ENCODING = 'unicode'[0m
  ↳ /Users/lguedes/.rbenv/versions/2.5.3/bin/rake:23
  [1m[35m (1.0ms)[0m  [1m[35mCREATE DATABASE "vanhackathon-nestready_development" ENCODING = 'unicode'[0m
  ↳ /Users/lguedes/.rbenv/versions/2.5.3/bin/rake:23
  [1m[35m (0.6ms)[0m  [1m[35mCREATE DATABASE "vanhackathon-nestready_test" ENCODING = 'unicode'[0m
  ↳ /Users/lguedes/.rbenv/versions/2.5.3/bin/rake:23
  [1m[35m (513.1ms)[0m  [1m[35mCREATE DATABASE "nestready_development" ENCODING = 'unicode'[0m
  ↳ /Users/lguedes/.rbenv/versions/2.5.3/bin/rake:23
  [1m[35m (454.3ms)[0m  [1m[35mCREATE DATABASE "nestready_test" ENCODING = 'unicode'[0m
  ↳ /Users/lguedes/.rbenv/versions/2.5.3/bin/rake:23
  [1m[35m (77.3ms)[0m  [1m[35mCREATE TABLE "schema_migrations" ("version" character varying NOT NULL PRIMARY KEY)[0m
  ↳ bin/rails:9
  [1m[35m (37.7ms)[0m  [1m[35mCREATE TABLE "ar_internal_metadata" ("key" character varying NOT NULL PRIMARY KEY, "value" character varying, "created_at" timestamp NOT NULL, "updated_at" timestamp NOT NULL)[0m
  ↳ bin/rails:9
  [1m[35m (0.9ms)[0m  [1m[34mSELECT pg_try_advisory_lock(5850187267014856290)[0m
  ↳ bin/rails:9
  [1m[35m (1.3ms)[0m  [1m[34mSELECT "schema_migrations"."version" FROM "schema_migrations" ORDER BY "schema_migrations"."version" ASC[0m
  ↳ bin/rails:9
  [1m[36mActiveRecord::InternalMetadata Load (0.9ms)[0m  [1m[34mSELECT  "ar_internal_metadata".* FROM "ar_internal_metadata" WHERE "ar_internal_metadata"."key" = $1 LIMIT $2[0m  [["key", "environment"], ["LIMIT", 1]]
  ↳ bin/rails:9
  [1m[35m (0.5ms)[0m  [1m[35mBEGIN[0m
  ↳ bin/rails:9
  [1m[36mActiveRecord::InternalMetadata Create (44.2ms)[0m  [1m[32mINSERT INTO "ar_internal_metadata" ("key", "value", "created_at", "updated_at") VALUES ($1, $2, $3, $4) RETURNING "key"[0m  [["key", "environment"], ["value", "development"], ["created_at", "2019-03-24 13:26:22.297629"], ["updated_at", "2019-03-24 13:26:22.297629"]]
  ↳ bin/rails:9
  [1m[35m (0.3ms)[0m  [1m[35mCOMMIT[0m
  ↳ bin/rails:9
  [1m[35m (0.3ms)[0m  [1m[34mSELECT pg_advisory_unlock(5850187267014856290)[0m
  ↳ bin/rails:9
  [1m[35m (0.3ms)[0m  [1m[34mSELECT "schema_migrations"."version" FROM "schema_migrations" ORDER BY "schema_migrations"."version" ASC[0m
  ↳ bin/rails:9
Started GET "/" for ::1 at 2019-03-24 10:26:35 -0300
Processing by Rails::WelcomeController#index as HTML
  Rendering /Users/lguedes/.rbenv/versions/2.5.3/lib/ruby/gems/2.5.0/gems/railties-5.2.2.1/lib/rails/templates/rails/welcome/index.html.erb
  Rendered /Users/lguedes/.rbenv/versions/2.5.3/lib/ruby/gems/2.5.0/gems/railties-5.2.2.1/lib/rails/templates/rails/welcome/index.html.erb (5.8ms)
Completed 200 OK in 30ms (Views: 16.0ms | ActiveRecord: 0.0ms)


